2019-11-22 11:58:36,258 INFO com.apple.employee.search.EmployeeSearchApplication [main] Starting EmployeeSearchApplication on BLRJPT3270D with PID 28829 (/Users/abdul.rahimanshaik/eclipse-workspace-practice/employee-service/target/classes started by abdul.rahimanshaik in /Users/abdul.rahimanshaik/eclipse-workspace-practice/employee-service)
2019-11-22 11:58:36,260 DEBUG com.apple.employee.search.EmployeeSearchApplication [main] Running with Spring Boot v2.2.0.RELEASE, Spring v5.2.0.RELEASE
2019-11-22 11:58:36,260 INFO com.apple.employee.search.EmployeeSearchApplication [main] No active profile set, falling back to default profiles: default
2019-11-22 11:58:37,512 INFO com.apple.employee.search.EmployeeSearchApplication [main] Started EmployeeSearchApplication in 1.58 seconds (JVM running for 5.568)
2019-11-22 12:00:28,342 INFO com.apple.employee.search.EmployeeSearchApplication [main] Starting EmployeeSearchApplication on BLRJPT3270D with PID 28855 (/Users/abdul.rahimanshaik/eclipse-workspace-practice/employee-service/target/classes started by abdul.rahimanshaik in /Users/abdul.rahimanshaik/eclipse-workspace-practice/employee-service)
2019-11-22 12:00:28,344 DEBUG com.apple.employee.search.EmployeeSearchApplication [main] Running with Spring Boot v2.2.0.RELEASE, Spring v5.2.0.RELEASE
2019-11-22 12:00:28,344 INFO com.apple.employee.search.EmployeeSearchApplication [main] No active profile set, falling back to default profiles: default
2019-11-22 12:00:29,377 INFO com.apple.employee.search.EmployeeSearchApplication [main] Started EmployeeSearchApplication in 1.252 seconds (JVM running for 1.762)
2019-11-22 12:01:59,719 INFO com.apple.employee.search.EmployeeSearchApplication [main] Starting EmployeeSearchApplication on BLRJPT3270D with PID 28863 (/Users/abdul.rahimanshaik/eclipse-workspace-practice/employee-service/target/classes started by abdul.rahimanshaik in /Users/abdul.rahimanshaik/eclipse-workspace-practice/employee-service)
2019-11-22 12:01:59,721 DEBUG com.apple.employee.search.EmployeeSearchApplication [main] Running with Spring Boot v2.2.0.RELEASE, Spring v5.2.0.RELEASE
2019-11-22 12:01:59,721 INFO com.apple.employee.search.EmployeeSearchApplication [main] No active profile set, falling back to default profiles: default
2019-11-22 12:02:00,686 INFO com.apple.employee.search.EmployeeSearchApplication [main] Started EmployeeSearchApplication in 1.191 seconds (JVM running for 1.932)
2019-11-22 12:27:23,984 INFO com.apple.employee.search.EmployeeSearchApplication [main] Starting EmployeeSearchApplication on BLRJPT3270D with PID 29201 (/Users/abdul.rahimanshaik/eclipse-workspace-practice/employee-service/target/classes started by abdul.rahimanshaik in /Users/abdul.rahimanshaik/eclipse-workspace-practice/employee-service)
2019-11-22 12:27:23,998 DEBUG com.apple.employee.search.EmployeeSearchApplication [main] Running with Spring Boot v2.2.0.RELEASE, Spring v5.2.0.RELEASE
2019-11-22 12:27:23,998 INFO com.apple.employee.search.EmployeeSearchApplication [main] No active profile set, falling back to default profiles: default
2019-11-22 12:27:25,163 INFO com.apple.employee.search.EmployeeSearchApplication [main] Started EmployeeSearchApplication in 1.419 seconds (JVM running for 2.552)
2019-11-22 12:27:40,101 INFO com.apple.employee.search.logger.EmployeeServiceLogger [http-nio-8080-exec-1] Method : List com.apple.employee.search.controller.EmployeeSearchController.fetchemp(): arguments: []
2019-11-22 12:27:40,106 INFO com.apple.employee.search.logger.EmployeeServiceLogger [http-nio-8080-exec-1] Method : List com.apple.employee.search.service.impl.EmployeeSearchServiceImpl.fetchEmployees(): arguments: []
2019-11-22 12:27:40,112 INFO com.apple.employee.search.logger.EmployeeServiceLogger [http-nio-8080-exec-1] Method : List com.apple.employee.search.dao.impl.EmployeeDaoImpl.fetchEmployees(): arguments: []
2019-11-22 12:27:40,116 INFO com.apple.employee.search.logger.EmployeeServiceLogger [http-nio-8080-exec-1] Method : List com.apple.employee.search.util.FileUtils.getFileContent(String): arguments: ["src/main/resources/EmployeeDetails.txt"]
2019-11-22 12:27:40,124 INFO com.apple.employee.search.logger.EmployeeServiceLogger [http-nio-8080-exec-1] Method Name : List com.apple.employee.search.util.FileUtils.getFileContent(String) : Response: ["ID,Name,Domain,Designation.Company","1,Chiru,Java,Manager,Infosys","2,Balayya,C++,Manager, Tech Mahindra","3,Venky,AI,Sr.Architect, Apple","4,Nag,AWS,Programmer, Google"]
2019-11-22 12:27:40,147 INFO com.apple.employee.search.logger.EmployeeServiceLogger [http-nio-8080-exec-1] Method Name : List com.apple.employee.search.dao.impl.EmployeeDaoImpl.fetchEmployees() : Response: [{"employeeID":1,"employeeName":"Chiru","employeePracticeArea":"Java","employeeDesignation":"Manager","employeeCompanyInfo":"Infosys"},{"employeeID":2,"employeeName":"Balayya","employeePracticeArea":"C++","employeeDesignation":"Manager","employeeCompanyInfo":" Tech Mahindra"},{"employeeID":3,"employeeName":"Venky","employeePracticeArea":"AI","employeeDesignation":"Sr.Architect","employeeCompanyInfo":" Apple"},{"employeeID":4,"employeeName":"Nag","employeePracticeArea":"AWS","employeeDesignation":"Programmer","employeeCompanyInfo":" Google"}]
2019-11-22 12:27:40,200 INFO com.apple.employee.search.logger.EmployeeServiceLogger [http-nio-8080-exec-1] Method Name : List com.apple.employee.search.service.impl.EmployeeSearchServiceImpl.fetchEmployees() : Response: [{"employeeID":1,"employeeName":"Chiru","employeePracticeArea":"Java","employeeDesignation":"Manager","employeeCompanyInfo":"Infosys"},{"employeeID":2,"employeeName":"Balayya","employeePracticeArea":"C++","employeeDesignation":"Manager","employeeCompanyInfo":" Tech Mahindra"},{"employeeID":3,"employeeName":"Venky","employeePracticeArea":"AI","employeeDesignation":"Sr.Architect","employeeCompanyInfo":" Apple"},{"employeeID":4,"employeeName":"Nag","employeePracticeArea":"AWS","employeeDesignation":"Programmer","employeeCompanyInfo":" Google"}]
2019-11-22 12:27:40,203 INFO com.apple.employee.search.logger.EmployeeServiceLogger [http-nio-8080-exec-1] Method Name : List com.apple.employee.search.controller.EmployeeSearchController.fetchemp() : Response: [{"employeeID":1,"employeeName":"Chiru","employeePracticeArea":"Java","employeeDesignation":"Manager","employeeCompanyInfo":"Infosys"},{"employeeID":2,"employeeName":"Balayya","employeePracticeArea":"C++","employeeDesignation":"Manager","employeeCompanyInfo":" Tech Mahindra"},{"employeeID":3,"employeeName":"Venky","employeePracticeArea":"AI","employeeDesignation":"Sr.Architect","employeeCompanyInfo":" Apple"},{"employeeID":4,"employeeName":"Nag","employeePracticeArea":"AWS","employeeDesignation":"Programmer","employeeCompanyInfo":" Google"}]
2019-11-22 12:27:44,662 INFO com.apple.employee.search.logger.EmployeeServiceLogger [http-nio-8080-exec-2] Method : EmployeeDTO com.apple.employee.search.controller.EmployeeSearchController.fetchempByID(Long): arguments: [1]
2019-11-22 12:27:44,663 INFO com.apple.employee.search.logger.EmployeeServiceLogger [http-nio-8080-exec-2] Method : EmployeeDTO com.apple.employee.search.service.impl.EmployeeSearchServiceImpl.fetchEmployeeById(Long): arguments: [1]
2019-11-22 12:27:44,664 INFO com.apple.employee.search.logger.EmployeeServiceLogger [http-nio-8080-exec-2] Method : Employee com.apple.employee.search.dao.impl.EmployeeDaoImpl.fetchEmployeeById(Long): arguments: [1]
2019-11-22 12:27:44,664 INFO com.apple.employee.search.logger.EmployeeServiceLogger [http-nio-8080-exec-2] Method : List com.apple.employee.search.util.FileUtils.getFileContent(String): arguments: ["src/main/resources/EmployeeDetails.txt"]
2019-11-22 12:27:44,664 INFO com.apple.employee.search.logger.EmployeeServiceLogger [http-nio-8080-exec-2] Method Name : List com.apple.employee.search.util.FileUtils.getFileContent(String) : Response: ["ID,Name,Domain,Designation.Company","1,Chiru,Java,Manager,Infosys","2,Balayya,C++,Manager, Tech Mahindra","3,Venky,AI,Sr.Architect, Apple","4,Nag,AWS,Programmer, Google"]
2019-11-22 12:27:44,666 INFO com.apple.employee.search.logger.EmployeeServiceLogger [http-nio-8080-exec-2] Method Name : Employee com.apple.employee.search.dao.impl.EmployeeDaoImpl.fetchEmployeeById(Long) : Response: {"employeeID":1,"employeeName":"Chiru","employeePracticeArea":"Java","employeeDesignation":"Manager","employeeCompanyInfo":"Infosys"}
2019-11-22 12:27:44,670 INFO com.apple.employee.search.logger.EmployeeServiceLogger [http-nio-8080-exec-2] Method Name : EmployeeDTO com.apple.employee.search.service.impl.EmployeeSearchServiceImpl.fetchEmployeeById(Long) : Response: {"employeeID":1,"employeeName":"Chiru","employeePracticeArea":"Java","employeeDesignation":"Manager","employeeCompanyInfo":"Infosys"}
2019-11-22 12:27:44,671 INFO com.apple.employee.search.logger.EmployeeServiceLogger [http-nio-8080-exec-2] Method Name : EmployeeDTO com.apple.employee.search.controller.EmployeeSearchController.fetchempByID(Long) : Response: {"employeeID":1,"employeeName":"Chiru","employeePracticeArea":"Java","employeeDesignation":"Manager","employeeCompanyInfo":"Infosys"}
2019-11-22 12:28:00,876 INFO com.apple.employee.search.logger.EmployeeServiceLogger [http-nio-8080-exec-4] Method : String com.apple.employee.search.controller.EmployeeSearchController.getHealth(): arguments: []
2019-11-22 12:28:01,011 INFO com.apple.employee.search.logger.EmployeeServiceLogger [http-nio-8080-exec-4] Method Name : String com.apple.employee.search.controller.EmployeeSearchController.getHealth() : Response: "200 OK"
2019-11-22 12:28:03,256 INFO com.apple.employee.search.logger.EmployeeServiceLogger [http-nio-8080-exec-6] Method : List com.apple.employee.search.controller.EmployeeSearchController.fetchemp(): arguments: []
2019-11-22 12:28:03,257 INFO com.apple.employee.search.logger.EmployeeServiceLogger [http-nio-8080-exec-6] Method : List com.apple.employee.search.service.impl.EmployeeSearchServiceImpl.fetchEmployees(): arguments: []
2019-11-22 12:28:03,257 INFO com.apple.employee.search.logger.EmployeeServiceLogger [http-nio-8080-exec-6] Method : List com.apple.employee.search.dao.impl.EmployeeDaoImpl.fetchEmployees(): arguments: []
2019-11-22 12:28:03,258 INFO com.apple.employee.search.logger.EmployeeServiceLogger [http-nio-8080-exec-6] Method : List com.apple.employee.search.util.FileUtils.getFileContent(String): arguments: ["src/main/resources/EmployeeDetails.txt"]
2019-11-22 12:28:03,259 INFO com.apple.employee.search.logger.EmployeeServiceLogger [http-nio-8080-exec-6] Method Name : List com.apple.employee.search.util.FileUtils.getFileContent(String) : Response: ["ID,Name,Domain,Designation.Company","1,Chiru,Java,Manager,Infosys","2,Balayya,C++,Manager, Tech Mahindra","3,Venky,AI,Sr.Architect, Apple","4,Nag,AWS,Programmer, Google"]
2019-11-22 12:28:03,262 INFO com.apple.employee.search.logger.EmployeeServiceLogger [http-nio-8080-exec-6] Method Name : List com.apple.employee.search.dao.impl.EmployeeDaoImpl.fetchEmployees() : Response: [{"employeeID":1,"employeeName":"Chiru","employeePracticeArea":"Java","employeeDesignation":"Manager","employeeCompanyInfo":"Infosys"},{"employeeID":2,"employeeName":"Balayya","employeePracticeArea":"C++","employeeDesignation":"Manager","employeeCompanyInfo":" Tech Mahindra"},{"employeeID":3,"employeeName":"Venky","employeePracticeArea":"AI","employeeDesignation":"Sr.Architect","employeeCompanyInfo":" Apple"},{"employeeID":4,"employeeName":"Nag","employeePracticeArea":"AWS","employeeDesignation":"Programmer","employeeCompanyInfo":" Google"}]
2019-11-22 12:28:03,265 INFO com.apple.employee.search.logger.EmployeeServiceLogger [http-nio-8080-exec-6] Method Name : List com.apple.employee.search.service.impl.EmployeeSearchServiceImpl.fetchEmployees() : Response: [{"employeeID":1,"employeeName":"Chiru","employeePracticeArea":"Java","employeeDesignation":"Manager","employeeCompanyInfo":"Infosys"},{"employeeID":2,"employeeName":"Balayya","employeePracticeArea":"C++","employeeDesignation":"Manager","employeeCompanyInfo":" Tech Mahindra"},{"employeeID":3,"employeeName":"Venky","employeePracticeArea":"AI","employeeDesignation":"Sr.Architect","employeeCompanyInfo":" Apple"},{"employeeID":4,"employeeName":"Nag","employeePracticeArea":"AWS","employeeDesignation":"Programmer","employeeCompanyInfo":" Google"}]
2019-11-22 12:28:03,283 INFO com.apple.employee.search.logger.EmployeeServiceLogger [http-nio-8080-exec-6] Method Name : List com.apple.employee.search.controller.EmployeeSearchController.fetchemp() : Response: [{"employeeID":1,"employeeName":"Chiru","employeePracticeArea":"Java","employeeDesignation":"Manager","employeeCompanyInfo":"Infosys"},{"employeeID":2,"employeeName":"Balayya","employeePracticeArea":"C++","employeeDesignation":"Manager","employeeCompanyInfo":" Tech Mahindra"},{"employeeID":3,"employeeName":"Venky","employeePracticeArea":"AI","employeeDesignation":"Sr.Architect","employeeCompanyInfo":" Apple"},{"employeeID":4,"employeeName":"Nag","employeePracticeArea":"AWS","employeeDesignation":"Programmer","employeeCompanyInfo":" Google"}]
2019-11-22 12:28:05,915 INFO com.apple.employee.search.logger.EmployeeServiceLogger [http-nio-8080-exec-5] Method : String com.apple.employee.search.controller.EmployeeSearchController.getHealth(): arguments: []
2019-11-22 12:28:05,916 INFO com.apple.employee.search.logger.EmployeeServiceLogger [http-nio-8080-exec-5] Method Name : String com.apple.employee.search.controller.EmployeeSearchController.getHealth() : Response: "200 OK"
2019-11-22 12:29:12,050 INFO com.apple.employee.search.logger.EmployeeServiceLogger [http-nio-8080-exec-3] Method : List com.apple.employee.search.controller.EmployeeSearchController.fetchemp(): arguments: []
2019-11-22 12:29:12,081 INFO com.apple.employee.search.logger.EmployeeServiceLogger [http-nio-8080-exec-3] Method : List com.apple.employee.search.service.impl.EmployeeSearchServiceImpl.fetchEmployees(): arguments: []
2019-11-22 12:29:12,082 INFO com.apple.employee.search.logger.EmployeeServiceLogger [http-nio-8080-exec-3] Method : List com.apple.employee.search.dao.impl.EmployeeDaoImpl.fetchEmployees(): arguments: []
2019-11-22 12:29:12,082 INFO com.apple.employee.search.logger.EmployeeServiceLogger [http-nio-8080-exec-3] Method : List com.apple.employee.search.util.FileUtils.getFileContent(String): arguments: ["src/main/resources/EmployeeDetails.txt"]
2019-11-22 12:29:12,083 INFO com.apple.employee.search.logger.EmployeeServiceLogger [http-nio-8080-exec-3] Method Name : List com.apple.employee.search.util.FileUtils.getFileContent(String) : Response: ["ID,Name,Domain,Designation.Company","1,Chiru,Java,Manager,Infosys","2,Balayya,C++,Manager, Tech Mahindra","3,Venky,AI,Sr.Architect, Apple","4,Nag,AWS,Programmer, Google"]
2019-11-22 12:29:12,084 INFO com.apple.employee.search.logger.EmployeeServiceLogger [http-nio-8080-exec-3] Method Name : List com.apple.employee.search.dao.impl.EmployeeDaoImpl.fetchEmployees() : Response: [{"employeeID":1,"employeeName":"Chiru","employeePracticeArea":"Java","employeeDesignation":"Manager","employeeCompanyInfo":"Infosys"},{"employeeID":2,"employeeName":"Balayya","employeePracticeArea":"C++","employeeDesignation":"Manager","employeeCompanyInfo":" Tech Mahindra"},{"employeeID":3,"employeeName":"Venky","employeePracticeArea":"AI","employeeDesignation":"Sr.Architect","employeeCompanyInfo":" Apple"},{"employeeID":4,"employeeName":"Nag","employeePracticeArea":"AWS","employeeDesignation":"Programmer","employeeCompanyInfo":" Google"}]
2019-11-22 12:29:12,086 INFO com.apple.employee.search.logger.EmployeeServiceLogger [http-nio-8080-exec-3] Method Name : List com.apple.employee.search.service.impl.EmployeeSearchServiceImpl.fetchEmployees() : Response: [{"employeeID":1,"employeeName":"Chiru","employeePracticeArea":"Java","employeeDesignation":"Manager","employeeCompanyInfo":"Infosys"},{"employeeID":2,"employeeName":"Balayya","employeePracticeArea":"C++","employeeDesignation":"Manager","employeeCompanyInfo":" Tech Mahindra"},{"employeeID":3,"employeeName":"Venky","employeePracticeArea":"AI","employeeDesignation":"Sr.Architect","employeeCompanyInfo":" Apple"},{"employeeID":4,"employeeName":"Nag","employeePracticeArea":"AWS","employeeDesignation":"Programmer","employeeCompanyInfo":" Google"}]
2019-11-22 12:29:12,087 INFO com.apple.employee.search.logger.EmployeeServiceLogger [http-nio-8080-exec-3] Method Name : List com.apple.employee.search.controller.EmployeeSearchController.fetchemp() : Response: [{"employeeID":1,"employeeName":"Chiru","employeePracticeArea":"Java","employeeDesignation":"Manager","employeeCompanyInfo":"Infosys"},{"employeeID":2,"employeeName":"Balayya","employeePracticeArea":"C++","employeeDesignation":"Manager","employeeCompanyInfo":" Tech Mahindra"},{"employeeID":3,"employeeName":"Venky","employeePracticeArea":"AI","employeeDesignation":"Sr.Architect","employeeCompanyInfo":" Apple"},{"employeeID":4,"employeeName":"Nag","employeePracticeArea":"AWS","employeeDesignation":"Programmer","employeeCompanyInfo":" Google"}]
2019-11-22 12:30:33,536 INFO com.apple.employee.search.logger.EmployeeServiceLogger [http-nio-8080-exec-8] Method : EmployeeDTO com.apple.employee.search.controller.EmployeeSearchController.fetchempByID(Long): arguments: [1]
2019-11-22 12:30:33,537 INFO com.apple.employee.search.logger.EmployeeServiceLogger [http-nio-8080-exec-8] Method : EmployeeDTO com.apple.employee.search.service.impl.EmployeeSearchServiceImpl.fetchEmployeeById(Long): arguments: [1]
2019-11-22 12:30:33,537 INFO com.apple.employee.search.logger.EmployeeServiceLogger [http-nio-8080-exec-8] Method : Employee com.apple.employee.search.dao.impl.EmployeeDaoImpl.fetchEmployeeById(Long): arguments: [1]
2019-11-22 12:30:33,538 INFO com.apple.employee.search.logger.EmployeeServiceLogger [http-nio-8080-exec-8] Method : List com.apple.employee.search.util.FileUtils.getFileContent(String): arguments: ["src/main/resources/EmployeeDetails.txt"]
2019-11-22 12:30:33,538 INFO com.apple.employee.search.logger.EmployeeServiceLogger [http-nio-8080-exec-8] Method Name : List com.apple.employee.search.util.FileUtils.getFileContent(String) : Response: ["ID,Name,Domain,Designation.Company","1,Chiru,Java,Manager,Infosys","2,Balayya,C++,Manager, Tech Mahindra","3,Venky,AI,Sr.Architect, Apple","4,Nag,AWS,Programmer, Google"]
2019-11-22 12:30:33,539 INFO com.apple.employee.search.logger.EmployeeServiceLogger [http-nio-8080-exec-8] Method Name : Employee com.apple.employee.search.dao.impl.EmployeeDaoImpl.fetchEmployeeById(Long) : Response: {"employeeID":1,"employeeName":"Chiru","employeePracticeArea":"Java","employeeDesignation":"Manager","employeeCompanyInfo":"Infosys"}
2019-11-22 12:30:33,540 INFO com.apple.employee.search.logger.EmployeeServiceLogger [http-nio-8080-exec-8] Method Name : EmployeeDTO com.apple.employee.search.service.impl.EmployeeSearchServiceImpl.fetchEmployeeById(Long) : Response: {"employeeID":1,"employeeName":"Chiru","employeePracticeArea":"Java","employeeDesignation":"Manager","employeeCompanyInfo":"Infosys"}
2019-11-22 12:30:33,584 INFO com.apple.employee.search.logger.EmployeeServiceLogger [http-nio-8080-exec-8] Method Name : EmployeeDTO com.apple.employee.search.controller.EmployeeSearchController.fetchempByID(Long) : Response: {"employeeID":1,"employeeName":"Chiru","employeePracticeArea":"Java","employeeDesignation":"Manager","employeeCompanyInfo":"Infosys"}
2019-11-22 12:31:03,008 ERROR org.apache.catalina.core.ContainerBase.[Tomcat].[localhost].[/].[dispatcherServlet] [http-nio-8080-exec-10] Servlet.service() for servlet [dispatcherServlet] in context with path [] threw exception
java.lang.NullPointerException: null
	at com.apple.employee.search.filter.EmployeeSearchFilter.doFilter(EmployeeSearchFilter.java:43)
	at org.apache.catalina.core.ApplicationFilterChain.internalDoFilter(ApplicationFilterChain.java:193)
	at org.apache.catalina.core.ApplicationFilterChain.doFilter(ApplicationFilterChain.java:166)
	at org.springframework.web.filter.RequestContextFilter.doFilterInternal(RequestContextFilter.java:100)
	at org.springframework.web.filter.OncePerRequestFilter.doFilter(OncePerRequestFilter.java:119)
	at org.apache.catalina.core.ApplicationFilterChain.internalDoFilter(ApplicationFilterChain.java:193)
	at org.apache.catalina.core.ApplicationFilterChain.doFilter(ApplicationFilterChain.java:166)
	at org.springframework.web.filter.FormContentFilter.doFilterInternal(FormContentFilter.java:93)
	at org.springframework.web.filter.OncePerRequestFilter.doFilter(OncePerRequestFilter.java:119)
	at org.apache.catalina.core.ApplicationFilterChain.internalDoFilter(ApplicationFilterChain.java:193)
	at org.apache.catalina.core.ApplicationFilterChain.doFilter(ApplicationFilterChain.java:166)
	at org.springframework.web.filter.CharacterEncodingFilter.doFilterInternal(CharacterEncodingFilter.java:201)
	at org.springframework.web.filter.OncePerRequestFilter.doFilter(OncePerRequestFilter.java:119)
	at org.apache.catalina.core.ApplicationFilterChain.internalDoFilter(ApplicationFilterChain.java:193)
	at org.apache.catalina.core.ApplicationFilterChain.doFilter(ApplicationFilterChain.java:166)
	at org.apache.catalina.core.StandardWrapperValve.invoke(StandardWrapperValve.java:202)
	at org.apache.catalina.core.StandardContextValve.invoke(StandardContextValve.java:96)
	at org.apache.catalina.authenticator.AuthenticatorBase.invoke(AuthenticatorBase.java:526)
	at org.apache.catalina.core.StandardHostValve.invoke(StandardHostValve.java:139)
	at org.apache.catalina.valves.ErrorReportValve.invoke(ErrorReportValve.java:92)
	at org.apache.catalina.core.StandardEngineValve.invoke(StandardEngineValve.java:74)
	at org.apache.catalina.connector.CoyoteAdapter.service(CoyoteAdapter.java:343)
	at org.apache.coyote.http11.Http11Processor.service(Http11Processor.java:408)
	at org.apache.coyote.AbstractProcessorLight.process(AbstractProcessorLight.java:66)
	at org.apache.coyote.AbstractProtocol$ConnectionHandler.process(AbstractProtocol.java:861)
	at org.apache.tomcat.util.net.NioEndpoint$SocketProcessor.doRun(NioEndpoint.java:1579)
	at org.apache.tomcat.util.net.SocketProcessorBase.run(SocketProcessorBase.java:49)
	at java.util.concurrent.ThreadPoolExecutor.runWorker(ThreadPoolExecutor.java:1149)
	at java.util.concurrent.ThreadPoolExecutor$Worker.run(ThreadPoolExecutor.java:624)
	at org.apache.tomcat.util.threads.TaskThread$WrappingRunnable.run(TaskThread.java:61)
	at java.lang.Thread.run(Thread.java:748)
2019-11-22 12:31:07,006 ERROR org.apache.catalina.core.ContainerBase.[Tomcat].[localhost].[/].[dispatcherServlet] [http-nio-8080-exec-1] Servlet.service() for servlet [dispatcherServlet] in context with path [] threw exception
java.lang.NullPointerException: null
	at com.apple.employee.search.filter.EmployeeSearchFilter.doFilter(EmployeeSearchFilter.java:43)
	at org.apache.catalina.core.ApplicationFilterChain.internalDoFilter(ApplicationFilterChain.java:193)
	at org.apache.catalina.core.ApplicationFilterChain.doFilter(ApplicationFilterChain.java:166)
	at org.springframework.web.filter.RequestContextFilter.doFilterInternal(RequestContextFilter.java:100)
	at org.springframework.web.filter.OncePerRequestFilter.doFilter(OncePerRequestFilter.java:119)
	at org.apache.catalina.core.ApplicationFilterChain.internalDoFilter(ApplicationFilterChain.java:193)
	at org.apache.catalina.core.ApplicationFilterChain.doFilter(ApplicationFilterChain.java:166)
	at org.springframework.web.filter.FormContentFilter.doFilterInternal(FormContentFilter.java:93)
	at org.springframework.web.filter.OncePerRequestFilter.doFilter(OncePerRequestFilter.java:119)
	at org.apache.catalina.core.ApplicationFilterChain.internalDoFilter(ApplicationFilterChain.java:193)
	at org.apache.catalina.core.ApplicationFilterChain.doFilter(ApplicationFilterChain.java:166)
	at org.springframework.web.filter.CharacterEncodingFilter.doFilterInternal(CharacterEncodingFilter.java:201)
	at org.springframework.web.filter.OncePerRequestFilter.doFilter(OncePerRequestFilter.java:119)
	at org.apache.catalina.core.ApplicationFilterChain.internalDoFilter(ApplicationFilterChain.java:193)
	at org.apache.catalina.core.ApplicationFilterChain.doFilter(ApplicationFilterChain.java:166)
	at org.apache.catalina.core.StandardWrapperValve.invoke(StandardWrapperValve.java:202)
	at org.apache.catalina.core.StandardContextValve.invoke(StandardContextValve.java:96)
	at org.apache.catalina.authenticator.AuthenticatorBase.invoke(AuthenticatorBase.java:526)
	at org.apache.catalina.core.StandardHostValve.invoke(StandardHostValve.java:139)
	at org.apache.catalina.valves.ErrorReportValve.invoke(ErrorReportValve.java:92)
	at org.apache.catalina.core.StandardEngineValve.invoke(StandardEngineValve.java:74)
	at org.apache.catalina.connector.CoyoteAdapter.service(CoyoteAdapter.java:343)
	at org.apache.coyote.http11.Http11Processor.service(Http11Processor.java:408)
	at org.apache.coyote.AbstractProcessorLight.process(AbstractProcessorLight.java:66)
	at org.apache.coyote.AbstractProtocol$ConnectionHandler.process(AbstractProtocol.java:861)
	at org.apache.tomcat.util.net.NioEndpoint$SocketProcessor.doRun(NioEndpoint.java:1579)
	at org.apache.tomcat.util.net.SocketProcessorBase.run(SocketProcessorBase.java:49)
	at java.util.concurrent.ThreadPoolExecutor.runWorker(ThreadPoolExecutor.java:1149)
	at java.util.concurrent.ThreadPoolExecutor$Worker.run(ThreadPoolExecutor.java:624)
	at org.apache.tomcat.util.threads.TaskThread$WrappingRunnable.run(TaskThread.java:61)
	at java.lang.Thread.run(Thread.java:748)
2019-11-22 12:31:12,319 INFO com.apple.employee.search.logger.EmployeeServiceLogger [http-nio-8080-exec-2] Method : EmployeeDTO com.apple.employee.search.controller.EmployeeSearchController.fetchempByID(Long): arguments: [10]
2019-11-22 12:31:12,320 INFO com.apple.employee.search.logger.EmployeeServiceLogger [http-nio-8080-exec-2] Method : EmployeeDTO com.apple.employee.search.service.impl.EmployeeSearchServiceImpl.fetchEmployeeById(Long): arguments: [10]
2019-11-22 12:31:12,320 INFO com.apple.employee.search.logger.EmployeeServiceLogger [http-nio-8080-exec-2] Method : Employee com.apple.employee.search.dao.impl.EmployeeDaoImpl.fetchEmployeeById(Long): arguments: [10]
2019-11-22 12:31:12,320 INFO com.apple.employee.search.logger.EmployeeServiceLogger [http-nio-8080-exec-2] Method : List com.apple.employee.search.util.FileUtils.getFileContent(String): arguments: ["src/main/resources/EmployeeDetails.txt"]
2019-11-22 12:31:12,321 INFO com.apple.employee.search.logger.EmployeeServiceLogger [http-nio-8080-exec-2] Method Name : List com.apple.employee.search.util.FileUtils.getFileContent(String) : Response: ["ID,Name,Domain,Designation.Company","1,Chiru,Java,Manager,Infosys","2,Balayya,C++,Manager, Tech Mahindra","3,Venky,AI,Sr.Architect, Apple","4,Nag,AWS,Programmer, Google"]
2019-11-22 12:31:12,321 INFO com.apple.employee.search.logger.EmployeeServiceLogger [http-nio-8080-exec-2] Method Name : Employee com.apple.employee.search.dao.impl.EmployeeDaoImpl.fetchEmployeeById(Long) : Response: null
2019-11-22 12:31:12,322 INFO com.apple.employee.search.logger.EmployeeServiceLogger [http-nio-8080-exec-2] Method Name : EmployeeDTO com.apple.employee.search.service.impl.EmployeeSearchServiceImpl.fetchEmployeeById(Long) : Response: Employee Details Not Available for iEmployeeID : 10
2019-11-22 12:31:12,323 INFO com.apple.employee.search.logger.EmployeeServiceLogger [http-nio-8080-exec-2] Method Name : EmployeeDTO com.apple.employee.search.controller.EmployeeSearchController.fetchempByID(Long) : Response: Employee Details Not Available for iEmployeeID : 10
