2019-11-14 17:19:42,031 INFO com.apple.employee.search.advice.LoggingAdvice [http-nio-8080-exec-7] class com.apple.employee.search.controller.EmployeeSearchController : fetchempByID() : arguments: [6]
2019-11-14 17:19:42,032 INFO com.apple.employee.search.advice.LoggingAdvice [http-nio-8080-exec-7] class com.apple.employee.search.service.impl.EmployeeSearchServiceImpl : fetchEmployeeById() : arguments: [6]
2019-11-14 17:19:42,032 INFO com.apple.employee.search.advice.LoggingAdvice [http-nio-8080-exec-7] class com.apple.employee.search.dao.impl.EmployeeDaoImpl : fetchEmployeeById() : arguments: [6]
2019-11-14 17:19:42,032 INFO com.apple.employee.search.advice.LoggingAdvice [http-nio-8080-exec-7] class com.apple.employee.search.util.FileUtils : getFileContent() : arguments: ["src/main/resources/EmployeeDetails.txt"]
2019-11-14 17:19:42,032 INFO com.apple.employee.search.advice.LoggingAdvice [http-nio-8080-exec-7] class com.apple.employee.search.util.FileUtils : getFileContent() : Response: ["ID,Name,Domain,Designation.Company","1,Chiru,Java,Manager,Infosys","2,Balayya,C++,Manager, Tech Mahindra","3,Venky,AI,Sr.Architect, Apple","4,Nag,AWS,Programmer, Google"]
2019-11-14 17:19:42,033 INFO com.apple.employee.search.advice.LoggingAdvice [http-nio-8080-exec-7] class com.apple.employee.search.dao.impl.EmployeeDaoImpl : fetchEmployeeById() : Response: null
2019-11-14 17:20:46,304 INFO com.apple.employee.search.advice.LoggingAdvice [http-nio-8080-exec-9] class com.apple.employee.search.controller.EmployeeSearchController : fetchempByID() : arguments: [2]
2019-11-14 17:20:46,304 INFO com.apple.employee.search.advice.LoggingAdvice [http-nio-8080-exec-9] class com.apple.employee.search.service.impl.EmployeeSearchServiceImpl : fetchEmployeeById() : arguments: [2]
2019-11-14 17:20:46,305 INFO com.apple.employee.search.advice.LoggingAdvice [http-nio-8080-exec-9] class com.apple.employee.search.dao.impl.EmployeeDaoImpl : fetchEmployeeById() : arguments: [2]
2019-11-14 17:20:46,305 INFO com.apple.employee.search.advice.LoggingAdvice [http-nio-8080-exec-9] class com.apple.employee.search.util.FileUtils : getFileContent() : arguments: ["src/main/resources/EmployeeDetails.txt"]
2019-11-14 17:20:46,306 INFO com.apple.employee.search.advice.LoggingAdvice [http-nio-8080-exec-9] class com.apple.employee.search.util.FileUtils : getFileContent() : Response: ["ID,Name,Domain,Designation.Company","1,Chiru,Java,Manager,Infosys","2,Balayya,C++,Manager, Tech Mahindra","3,Venky,AI,Sr.Architect, Apple","4,Nag,AWS,Programmer, Google"]
2019-11-14 17:20:46,306 INFO com.apple.employee.search.advice.LoggingAdvice [http-nio-8080-exec-9] class com.apple.employee.search.dao.impl.EmployeeDaoImpl : fetchEmployeeById() : Response: {"employeeID":2,"employeeName":"Balayya","employeePracticeArea":"C++","employeeDesignation":"Manager","employeeCompanyInfo":" Tech Mahindra"}
2019-11-14 17:20:46,308 INFO com.apple.employee.search.advice.LoggingAdvice [http-nio-8080-exec-9] class com.apple.employee.search.service.impl.EmployeeSearchServiceImpl : fetchEmployeeById() : Response: {"employeeID":2,"employeeName":"Balayya","employeePracticeArea":"C++","employeeDesignation":"Manager","employeeCompanyInfo":" Tech Mahindra"}
2019-11-14 17:20:46,308 INFO com.apple.employee.search.advice.LoggingAdvice [http-nio-8080-exec-9] class com.apple.employee.search.controller.EmployeeSearchController : fetchempByID() : Response: {"employeeID":2,"employeeName":"Balayya","employeePracticeArea":"C++","employeeDesignation":"Manager","employeeCompanyInfo":" Tech Mahindra"}
2019-11-14 17:49:19,005 INFO com.apple.employee.search.EmployeeSearchApplication [main] Starting EmployeeSearchApplication on BLRJPT3270D with PID 94389 (/Users/abdul.rahimanshaik/eclipse-workspace-practice/employee-service/target/classes started by abdul.rahimanshaik in /Users/abdul.rahimanshaik/eclipse-workspace-practice/employee-service)
2019-11-14 17:49:19,006 DEBUG com.apple.employee.search.EmployeeSearchApplication [main] Running with Spring Boot v2.2.0.RELEASE, Spring v5.2.0.RELEASE
2019-11-14 17:49:19,007 INFO com.apple.employee.search.EmployeeSearchApplication [main] No active profile set, falling back to default profiles: default
2019-11-14 17:49:20,470 INFO com.apple.employee.search.advice.LoggingAdvice [main] class com.apple.employee.search.config.EmployeeSearchConfig$$EnhancerBySpringCGLIB$$bd8d159c : dozerBeanMapper() : arguments: []
2019-11-14 17:49:20,541 INFO com.apple.employee.search.advice.LoggingAdvice [main] class com.apple.employee.search.config.EmployeeSearchConfig$$EnhancerBySpringCGLIB$$bd8d159c : dozerBeanMapper() : Response: {"mappingFiles":[],"customConverters":[],"eventListeners":[],"customConvertersWithId":{},"customFieldMapper":null,"mappingMetadata":{"classMappings":[]}}
2019-11-14 17:49:20,909 INFO com.apple.employee.search.EmployeeSearchApplication [main] Started EmployeeSearchApplication in 2.343 seconds (JVM running for 5.881)
2019-11-14 17:53:01,084 INFO com.apple.employee.search.EmployeeSearchApplication [main] Starting EmployeeSearchApplication on BLRJPT3270D with PID 94438 (/Users/abdul.rahimanshaik/eclipse-workspace-practice/employee-service/target/classes started by abdul.rahimanshaik in /Users/abdul.rahimanshaik/eclipse-workspace-practice/employee-service)
2019-11-14 17:53:01,088 DEBUG com.apple.employee.search.EmployeeSearchApplication [main] Running with Spring Boot v2.2.0.RELEASE, Spring v5.2.0.RELEASE
2019-11-14 17:53:01,088 INFO com.apple.employee.search.EmployeeSearchApplication [main] No active profile set, falling back to default profiles: default
2019-11-14 17:53:03,263 INFO com.apple.employee.search.EmployeeSearchApplication [main] Starting EmployeeSearchApplication on BLRJPT3270D with PID 94439 (/Users/abdul.rahimanshaik/eclipse-workspace-practice/employee-service/target/classes started by abdul.rahimanshaik in /Users/abdul.rahimanshaik/eclipse-workspace-practice/employee-service)
2019-11-14 17:53:03,265 DEBUG com.apple.employee.search.EmployeeSearchApplication [main] Running with Spring Boot v2.2.0.RELEASE, Spring v5.2.0.RELEASE
2019-11-14 17:53:03,266 INFO com.apple.employee.search.EmployeeSearchApplication [main] No active profile set, falling back to default profiles: default
2019-11-14 17:53:04,557 INFO com.apple.employee.search.advice.LoggingAdvice [main] class com.apple.employee.search.config.EmployeeSearchConfig$$EnhancerBySpringCGLIB$$90ffa4b9 : dozerBeanMapper() : arguments: []
2019-11-14 17:53:04,628 INFO com.apple.employee.search.advice.LoggingAdvice [main] class com.apple.employee.search.config.EmployeeSearchConfig$$EnhancerBySpringCGLIB$$90ffa4b9 : dozerBeanMapper() : Response: {"mappingFiles":[],"customConverters":[],"eventListeners":[],"customConvertersWithId":{},"customFieldMapper":null,"mappingMetadata":{"classMappings":[]}}
2019-11-14 17:53:05,099 INFO com.apple.employee.search.EmployeeSearchApplication [main] Started EmployeeSearchApplication in 2.285 seconds (JVM running for 2.891)
2019-11-14 17:53:39,746 INFO com.apple.employee.search.EmployeeSearchApplication [main] Starting EmployeeSearchApplication on BLRJPT3270D with PID 94449 (/Users/abdul.rahimanshaik/eclipse-workspace-practice/employee-service/target/classes started by abdul.rahimanshaik in /Users/abdul.rahimanshaik/eclipse-workspace-practice/employee-service)
2019-11-14 17:53:39,748 DEBUG com.apple.employee.search.EmployeeSearchApplication [main] Running with Spring Boot v2.2.0.RELEASE, Spring v5.2.0.RELEASE
2019-11-14 17:53:39,748 INFO com.apple.employee.search.EmployeeSearchApplication [main] No active profile set, falling back to default profiles: default
2019-11-14 17:53:40,698 INFO com.apple.employee.search.advice.LoggingAdvice [main] class com.apple.employee.search.config.EmployeeSearchConfig$$EnhancerBySpringCGLIB$$6556a5ad : dozerBeanMapper() : arguments: []
2019-11-14 17:53:40,760 INFO com.apple.employee.search.advice.LoggingAdvice [main] class com.apple.employee.search.config.EmployeeSearchConfig$$EnhancerBySpringCGLIB$$6556a5ad : dozerBeanMapper() : Response: {"mappingFiles":[],"customConverters":[],"eventListeners":[],"customConvertersWithId":{},"customFieldMapper":null,"mappingMetadata":{"classMappings":[]}}
2019-11-14 17:53:41,124 INFO com.apple.employee.search.EmployeeSearchApplication [main] Started EmployeeSearchApplication in 1.616 seconds (JVM running for 2.167)
2019-11-14 17:53:51,210 INFO com.apple.employee.search.EmployeeSearchApplication [main] Starting EmployeeSearchApplication on BLRJPT3270D with PID 94458 (/Users/abdul.rahimanshaik/eclipse-workspace-practice/employee-service/target/classes started by abdul.rahimanshaik in /Users/abdul.rahimanshaik/eclipse-workspace-practice/employee-service)
2019-11-14 17:53:51,211 DEBUG com.apple.employee.search.EmployeeSearchApplication [main] Running with Spring Boot v2.2.0.RELEASE, Spring v5.2.0.RELEASE
2019-11-14 17:53:51,212 INFO com.apple.employee.search.EmployeeSearchApplication [main] No active profile set, falling back to default profiles: default
2019-11-14 17:53:52,279 INFO com.apple.employee.search.advice.LoggingAdvice [main] class com.apple.employee.search.config.EmployeeSearchConfig$$EnhancerBySpringCGLIB$$b95ff2e4 : dozerBeanMapper() : arguments: []
2019-11-14 17:53:52,379 INFO com.apple.employee.search.advice.LoggingAdvice [main] class com.apple.employee.search.config.EmployeeSearchConfig$$EnhancerBySpringCGLIB$$b95ff2e4 : dozerBeanMapper() : Response: {"mappingFiles":[],"customConverters":[],"eventListeners":[],"customConvertersWithId":{},"customFieldMapper":null,"mappingMetadata":{"classMappings":[]}}
2019-11-14 17:53:52,792 INFO com.apple.employee.search.EmployeeSearchApplication [main] Started EmployeeSearchApplication in 1.941 seconds (JVM running for 2.817)
2019-11-14 17:54:10,666 INFO com.apple.employee.search.advice.LoggingAdvice [http-nio-8080-exec-1] class com.apple.employee.search.controller.EmployeeSearchController : fetchempByID() : arguments: [2]
2019-11-14 17:54:10,692 INFO com.apple.employee.search.advice.LoggingAdvice [http-nio-8080-exec-1] class com.apple.employee.search.service.impl.EmployeeSearchServiceImpl : fetchEmployeeById() : arguments: [2]
2019-11-14 17:54:10,695 INFO com.apple.employee.search.advice.LoggingAdvice [http-nio-8080-exec-1] class com.apple.employee.search.dao.impl.EmployeeDaoImpl : fetchEmployeeById() : arguments: [2]
2019-11-14 17:54:10,699 INFO com.apple.employee.search.advice.LoggingAdvice [http-nio-8080-exec-1] class com.apple.employee.search.util.FileUtils : getFileContent() : arguments: ["src/main/resources/EmployeeDetails.txt"]
2019-11-14 17:54:10,761 INFO com.apple.employee.search.advice.LoggingAdvice [http-nio-8080-exec-1] class com.apple.employee.search.util.FileUtils : getFileContent() : Response: ["ID,Name,Domain,Designation.Company","1,Chiru,Java,Manager,Infosys","2,Balayya,C++,Manager, Tech Mahindra","3,Venky,AI,Sr.Architect, Apple","4,Nag,AWS,Programmer, Google"]
2019-11-14 17:54:10,763 INFO com.apple.employee.search.advice.LoggingAdvice [http-nio-8080-exec-1] class com.apple.employee.search.dao.impl.EmployeeDaoImpl : fetchEmployeeById() : Response: {"employeeID":2,"employeeName":"Balayya","employeePracticeArea":"C++","employeeDesignation":"Manager","employeeCompanyInfo":" Tech Mahindra"}
2019-11-14 17:54:10,833 INFO com.apple.employee.search.advice.LoggingAdvice [http-nio-8080-exec-1] class com.apple.employee.search.service.impl.EmployeeSearchServiceImpl : fetchEmployeeById() : Response: {"employeeID":2,"employeeName":"Balayya","employeePracticeArea":"C++","employeeDesignation":"Manager","employeeCompanyInfo":" Tech Mahindra"}
2019-11-14 17:54:10,833 INFO com.apple.employee.search.advice.LoggingAdvice [http-nio-8080-exec-1] class com.apple.employee.search.controller.EmployeeSearchController : fetchempByID() : Response: {"employeeID":2,"employeeName":"Balayya","employeePracticeArea":"C++","employeeDesignation":"Manager","employeeCompanyInfo":" Tech Mahindra"}
