2019-11-18 17:36:13,299 INFO com.apple.employee.search.EmployeeSearchApplication [main] Starting EmployeeSearchApplication on BLRJPT3270D with PID 59185 (/Users/abdul.rahimanshaik/eclipse-workspace-practice/employee-service/target/classes started by abdul.rahimanshaik in /Users/abdul.rahimanshaik/eclipse-workspace-practice/employee-service)
2019-11-18 17:36:13,308 DEBUG com.apple.employee.search.EmployeeSearchApplication [main] Running with Spring Boot v2.2.0.RELEASE, Spring v5.2.0.RELEASE
2019-11-18 17:36:13,309 INFO com.apple.employee.search.EmployeeSearchApplication [main] No active profile set, falling back to default profiles: default
2019-11-18 17:36:14,821 INFO com.apple.employee.search.advice.LoggingAdvice [main] class com.apple.employee.search.config.EmployeeSearchConfig$$EnhancerBySpringCGLIB$$dc75d334 : dozerBeanMapper() : arguments: []
2019-11-18 17:36:14,887 INFO com.apple.employee.search.advice.LoggingAdvice [main] class com.apple.employee.search.config.EmployeeSearchConfig$$EnhancerBySpringCGLIB$$dc75d334 : dozerBeanMapper() : Response: {"mappingFiles":[],"customConverters":[],"eventListeners":[],"customConvertersWithId":{},"customFieldMapper":null,"mappingMetadata":{"classMappings":[]}}
2019-11-18 17:36:15,297 INFO com.apple.employee.search.EmployeeSearchApplication [main] Started EmployeeSearchApplication in 2.293 seconds (JVM running for 6.387)
2019-11-18 17:36:24,637 INFO com.apple.employee.search.advice.LoggingAdvice [http-nio-8080-exec-1] class com.apple.employee.search.controller.EmployeeSearchController : getHealth() : arguments: []
2019-11-18 17:36:24,641 INFO com.apple.employee.search.advice.LoggingAdvice [http-nio-8080-exec-1] class com.apple.employee.search.controller.EmployeeSearchController : getHealth() : Response: "200K"
2019-11-18 17:36:45,890 INFO com.apple.employee.search.advice.LoggingAdvice [http-nio-8080-exec-4] class com.apple.employee.search.controller.EmployeeSearchController : getHealth() : arguments: []
2019-11-18 17:36:45,890 INFO com.apple.employee.search.advice.LoggingAdvice [http-nio-8080-exec-4] class com.apple.employee.search.controller.EmployeeSearchController : getHealth() : Response: "200K"
2019-11-18 17:36:46,817 INFO com.apple.employee.search.advice.LoggingAdvice [http-nio-8080-exec-5] class com.apple.employee.search.controller.EmployeeSearchController : getHealth() : arguments: []
2019-11-18 17:36:46,817 INFO com.apple.employee.search.advice.LoggingAdvice [http-nio-8080-exec-5] class com.apple.employee.search.controller.EmployeeSearchController : getHealth() : Response: "200K"
2019-11-18 17:47:25,016 INFO com.apple.employee.search.EmployeeSearchApplication [main] Starting EmployeeSearchApplication on BLRJPT3270D with PID 59405 (/Users/abdul.rahimanshaik/eclipse-workspace-practice/employee-service/target/classes started by abdul.rahimanshaik in /Users/abdul.rahimanshaik/eclipse-workspace-practice/employee-service)
2019-11-18 17:47:25,018 DEBUG com.apple.employee.search.EmployeeSearchApplication [main] Running with Spring Boot v2.2.0.RELEASE, Spring v5.2.0.RELEASE
2019-11-18 17:47:25,018 INFO com.apple.employee.search.EmployeeSearchApplication [main] No active profile set, falling back to default profiles: default
2019-11-18 17:47:26,034 INFO com.apple.employee.search.advice.LoggingAdvice [main] class com.apple.employee.search.config.EmployeeSearchConfig$$EnhancerBySpringCGLIB$$587dec75 : dozerBeanMapper() : arguments: []
2019-11-18 17:47:26,096 INFO com.apple.employee.search.advice.LoggingAdvice [main] class com.apple.employee.search.config.EmployeeSearchConfig$$EnhancerBySpringCGLIB$$587dec75 : dozerBeanMapper() : Response: {"mappingFiles":[],"customConverters":[],"eventListeners":[],"customConvertersWithId":{},"customFieldMapper":null,"mappingMetadata":{"classMappings":[]}}
2019-11-18 17:47:26,441 INFO com.apple.employee.search.EmployeeSearchApplication [main] Started EmployeeSearchApplication in 1.674 seconds (JVM running for 2.275)
2019-11-18 17:50:32,280 INFO com.apple.employee.search.advice.LoggingAdvice [http-nio-8080-exec-2] class com.apple.employee.search.controller.EmployeeSearchController : getHealth() : arguments: []
2019-11-18 17:50:32,308 INFO com.apple.employee.search.advice.LoggingAdvice [http-nio-8080-exec-2] class com.apple.employee.search.controller.EmployeeSearchController : getHealth() : Response: "200 OK"
2019-11-18 17:53:30,603 INFO com.apple.employee.search.EmployeeSearchApplication [main] Starting EmployeeSearchApplication on BLRJPT3270D with PID 59476 (/Users/abdul.rahimanshaik/eclipse-workspace-practice/employee-service/target/classes started by abdul.rahimanshaik in /Users/abdul.rahimanshaik/eclipse-workspace-practice/employee-service)
2019-11-18 17:53:30,622 DEBUG com.apple.employee.search.EmployeeSearchApplication [main] Running with Spring Boot v2.2.0.RELEASE, Spring v5.2.0.RELEASE
2019-11-18 17:53:30,622 INFO com.apple.employee.search.EmployeeSearchApplication [main] No active profile set, falling back to default profiles: default
2019-11-18 17:53:31,673 INFO com.apple.employee.search.advice.LoggingAdvice [main] class com.apple.employee.search.config.EmployeeSearchConfig$$EnhancerBySpringCGLIB$$91c1c945 : dozerBeanMapper() : arguments: []
2019-11-18 17:53:31,734 INFO com.apple.employee.search.advice.LoggingAdvice [main] class com.apple.employee.search.config.EmployeeSearchConfig$$EnhancerBySpringCGLIB$$91c1c945 : dozerBeanMapper() : Response: {"mappingFiles":[],"customConverters":[],"eventListeners":[],"customConvertersWithId":{},"customFieldMapper":null,"mappingMetadata":{"classMappings":[]}}
2019-11-18 17:53:32,082 INFO com.apple.employee.search.EmployeeSearchApplication [main] Started EmployeeSearchApplication in 1.79 seconds (JVM running for 3.4)
2019-11-18 17:55:36,877 INFO com.apple.employee.search.EmployeeSearchApplication [main] Starting EmployeeSearchApplication on BLRJPT3270D with PID 59506 (/Users/abdul.rahimanshaik/eclipse-workspace-practice/employee-service/target/classes started by abdul.rahimanshaik in /Users/abdul.rahimanshaik/eclipse-workspace-practice/employee-service)
2019-11-18 17:55:36,901 DEBUG com.apple.employee.search.EmployeeSearchApplication [main] Running with Spring Boot v2.2.0.RELEASE, Spring v5.2.0.RELEASE
2019-11-18 17:55:36,901 INFO com.apple.employee.search.EmployeeSearchApplication [main] No active profile set, falling back to default profiles: default
2019-11-18 17:55:40,015 INFO com.apple.employee.search.advice.LoggingAdvice [main] class com.apple.employee.search.config.EmployeeSearchConfig$$EnhancerBySpringCGLIB$$247e1b85 : dozerBeanMapper() : arguments: []
2019-11-18 17:55:40,074 INFO com.apple.employee.search.advice.LoggingAdvice [main] class com.apple.employee.search.config.EmployeeSearchConfig$$EnhancerBySpringCGLIB$$247e1b85 : dozerBeanMapper() : Response: {"mappingFiles":[],"customConverters":[],"eventListeners":[],"customConvertersWithId":{},"customFieldMapper":null,"mappingMetadata":{"classMappings":[]}}
2019-11-18 17:55:40,423 INFO com.apple.employee.search.EmployeeSearchApplication [main] Started EmployeeSearchApplication in 3.852 seconds (JVM running for 6.325)
2019-11-18 17:55:58,045 INFO com.apple.employee.search.advice.LoggingAdvice [http-nio-8080-exec-1] class com.apple.employee.search.controller.EmployeeSearchController : getHealth() : arguments: []
2019-11-18 17:55:58,048 INFO com.apple.employee.search.advice.LoggingAdvice [http-nio-8080-exec-1] class com.apple.employee.search.controller.EmployeeSearchController : getHealth() : Response: "200 OK"
2019-11-18 18:00:48,490 INFO com.apple.employee.search.advice.LoggingAdvice [http-nio-8080-exec-6] class com.apple.employee.search.controller.EmployeeSearchController : getHealth() : arguments: []
2019-11-18 18:00:48,550 INFO com.apple.employee.search.advice.LoggingAdvice [http-nio-8080-exec-6] class com.apple.employee.search.controller.EmployeeSearchController : getHealth() : Response: "200 OK"
